[dom may 1 15:31:53 ART 2016] = [nacho] = [PrepararAmbiente] = [WAR] = [Estado de la instalacion: INCOMPLETA]
[dom may 1 15:31:53 ART 2016] = [nacho] = [PrepararAmbiente] = [WAR] = [Componentes Faltantes: ]
[dom may 1 15:33:39 ART 2016] = [nacho] = [PrepararAmbiente] = [WAR] = [Estado de la instalacion: INCOMPLETA]
[dom may 1 15:33:39 ART 2016] = [nacho] = [PrepararAmbiente] = [WAR] = [Componentes Faltantes: ]
[dom may 1 15:35:27 ART 2016] = [nacho] = [PrepararAmbiente] = [WAR] = [Estado de la instalacion: INCOMPLETA]
[dom may 1 15:35:27 ART 2016] = [nacho] = [PrepararAmbiente] = [WAR] = [Componentes Faltantes: ]
[dom may 1 15:42:55 ART 2016] = [nacho] = [PrepararAmbiente] = [INFO] = [Variables de Ambiente Seteadas]
[dom may 1 15:42:55 ART 2016] = [nacho] = [PrepararAmbiente] = [INFO] = [Estado de la instalacion: INICIALIZDO]
[dom may 1 15:42:55 ART 2016] = [nacho] = [PrepararAmbiente] = [INFO] = [Ambiente ya inicializado, para reiniciar termine la sesion e ingrese nuevamente]
[dom may 1 15:43:15 ART 2016] = [nacho] = [PrepararAmbiente] = [INFO] = [Ingresa NO]
[dom may 1 15:43:15 ART 2016] = [nacho] = [PrepararAmbiente] = [INFO] = [Para activar RecibirOfertas ejecute . $GRUPO/RecibirOfertas.sh]
[dom may 1 15:43:25 ART 2016] = [nacho] = [PrepararAmbiente] = [INFO] = [Variables de Ambiente Seteadas]
[dom may 1 15:43:25 ART 2016] = [nacho] = [PrepararAmbiente] = [INFO] = [Estado de la instalacion: INICIALIZDO]
[dom may 1 15:43:25 ART 2016] = [nacho] = [PrepararAmbiente] = [INFO] = [Ambiente ya inicializado, para reiniciar termine la sesion e ingrese nuevamente]
[dom may 1 15:43:27 ART 2016] = [nacho] = [PrepararAmbiente] = [INFO] = [Ingresa SI]
[dom may 1 15:47:52 ART 2016] = [nacho] = [PrepararAmbiente] = [INFO] = [Variables de Ambiente Seteadas]
[dom may 1 15:47:52 ART 2016] = [nacho] = [PrepararAmbiente] = [INFO] = [Estado de la instalacion: INICIALIZDO]
[dom may 1 15:47:52 ART 2016] = [nacho] = [PrepararAmbiente] = [INFO] = [Ambiente ya inicializado, para reiniciar termine la sesion e ingrese nuevamente]
[dom may 1 15:47:58 ART 2016] = [nacho] = [PrepararAmbiente] = [INFO] = [Ingresa NO]
[dom may 1 15:47:58 ART 2016] = [nacho] = [PrepararAmbiente] = [INFO] = [Para activar RecibirOfertas ejecute . $GRUPO/RecibirOfertas.sh]
[dom may 1 15:48:01 ART 2016] = [nacho] = [PrepararAmbiente] = [INFO] = [Ambiente ya inicializado, para reiniciar termine la sesion e ingrese nuevamente]
[dom may 1 15:59:53 ART 2016] = [nacho] = [PrepararAmbiente] = [WAR] = [Estado de la instalacion: INCOMPLETA]
[dom may 1 15:59:53 ART 2016] = [nacho] = [PrepararAmbiente] = [WAR] = [Componentes Faltantes: ]
[dom may 1 16:00:18 ART 2016] = [nacho] = [PrepararAmbiente] = [WAR] = [Estado de la instalacion: INCOMPLETA]
[dom may 1 16:00:18 ART 2016] = [nacho] = [PrepararAmbiente] = [WAR] = [Componentes Faltantes: ]
[dom may 1 16:12:28 ART 2016] = [nacho] = [PrepararAmbiente] = [WAR] = [Estado de la instalacion: INCOMPLETA]
