[Tue May 3 00:48:57 ART 2016] = [nico] = [ProcesarOfertas] = [INFO] = [Inicio de ProcesarOfertas]
[Tue May 3 00:48:57 ART 2016] = [nico] = [ProcesarOfertas] = [INFO] = [Cantidad de archivos a procesar: 48]
[Tue May 3 00:48:57 ART 2016] = [nico] = [ProcesarOfertas] = [INFO] = [Archivo a procesar: 3303_20160420.csv.xls]
[Tue May 3 00:49:00 ART 2016] = [nico] = [ProcesarOfertas] = [INFO] = [Registros leídos = 093 : cantidad de ofertas validas 056 cantidad de ofertas rechazadas = 037]
[Tue May 3 00:49:00 ART 2016] = [nico] = [ProcesarOfertas] = [INFO] = [Archivo a procesar: 3402_20160420.csv.xls]
[Tue May 3 00:49:12 ART 2016] = [nico] = [ProcesarOfertas] = [INFO] = [Registros leídos = 312 : cantidad de ofertas validas 199 cantidad de ofertas rechazadas = 113]
[Tue May 3 00:49:12 ART 2016] = [nico] = [ProcesarOfertas] = [INFO] = [Archivo a procesar: 3500_20160420.csv.xls]
[Tue May 3 00:49:19 ART 2016] = [nico] = [ProcesarOfertas] = [INFO] = [Registros leídos = 192 : cantidad de ofertas validas 125 cantidad de ofertas rechazadas = 067]
[Tue May 3 00:49:19 ART 2016] = [nico] = [ProcesarOfertas] = [INFO] = [Archivo a procesar: 3505_20160421.csv.xls]
[Tue May 3 00:49:23 ART 2016] = [nico] = [ProcesarOfertas] = [INFO] = [Registros leídos = 091 : cantidad de ofertas validas 060 cantidad de ofertas rechazadas = 031]
[Tue May 3 00:49:23 ART 2016] = [nico] = [ProcesarOfertas] = [INFO] = [Archivo a procesar: 3510_20160420.csv.xls]
[Tue May 3 00:49:27 ART 2016] = [nico] = [ProcesarOfertas] = [INFO] = [Registros leídos = 116 : cantidad de ofertas validas 079 cantidad de ofertas rechazadas = 037]
[Tue May 3 00:49:27 ART 2016] = [nico] = [ProcesarOfertas] = [INFO] = [Archivo a procesar: 3520_20160422.csv.xls]
[Tue May 3 00:49:32 ART 2016] = [nico] = [ProcesarOfertas] = [INFO] = [Registros leídos = 134 : cantidad de ofertas validas 084 cantidad de ofertas rechazadas = 050]
[Tue May 3 00:49:32 ART 2016] = [nico] = [ProcesarOfertas] = [INFO] = [Archivo a procesar: 3718_20160420.csv.xls]
[Tue May 3 00:49:33 ART 2016] = [nico] = [ProcesarOfertas] = [INFO] = [Registros leídos = 019 : cantidad de ofertas validas 012 cantidad de ofertas rechazadas = 007]
[Tue May 3 00:49:33 ART 2016] = [nico] = [ProcesarOfertas] = [INFO] = [Archivo a procesar: 3722_20160423.csv.xls]
[Tue May 3 00:49:34 ART 2016] = [nico] = [ProcesarOfertas] = [INFO] = [Registros leídos = 025 : cantidad de ofertas validas 019 cantidad de ofertas rechazadas = 006]
[Tue May 3 00:49:34 ART 2016] = [nico] = [ProcesarOfertas] = [INFO] = [Archivo a procesar: 3724_20160420.csv.xls]
[Tue May 3 00:49:37 ART 2016] = [nico] = [ProcesarOfertas] = [INFO] = [Registros leídos = 076 : cantidad de ofertas validas 049 cantidad de ofertas rechazadas = 027]
[Tue May 3 00:49:37 ART 2016] = [nico] = [ProcesarOfertas] = [INFO] = [Archivo a procesar: 3729_20160424.csv.xls]
[Tue May 3 00:49:40 ART 2016] = [nico] = [ProcesarOfertas] = [INFO] = [Registros leídos = 102 : cantidad de ofertas validas 071 cantidad de ofertas rechazadas = 031]
[Tue May 3 00:49:40 ART 2016] = [nico] = [ProcesarOfertas] = [INFO] = [Archivo a procesar: 3732_20160420.csv.xls]
[Tue May 3 00:49:42 ART 2016] = [nico] = [ProcesarOfertas] = [INFO] = [Registros leídos = 035 : cantidad de ofertas validas 027 cantidad de ofertas rechazadas = 008]
[Tue May 3 00:49:42 ART 2016] = [nico] = [ProcesarOfertas] = [INFO] = [Archivo a procesar: 3735_20160425.csv.xls]
[Tue May 3 00:49:44 ART 2016] = [nico] = [ProcesarOfertas] = [INFO] = [Registros leídos = 063 : cantidad de ofertas validas 042 cantidad de ofertas rechazadas = 021]
[Tue May 3 00:49:44 ART 2016] = [nico] = [ProcesarOfertas] = [INFO] = [Archivo a procesar: 3739_20160420.csv.xls]
[Tue May 3 00:49:45 ART 2016] = [nico] = [ProcesarOfertas] = [INFO] = [Registros leídos = 025 : cantidad de ofertas validas 016 cantidad de ofertas rechazadas = 009]
[Tue May 3 00:49:45 ART 2016] = [nico] = [ProcesarOfertas] = [INFO] = [Archivo a procesar: 3741_20160426.csv.xls]
[Tue May 3 00:49:51 ART 2016] = [nico] = [ProcesarOfertas] = [INFO] = [Registros leídos = 147 : cantidad de ofertas validas 092 cantidad de ofertas rechazadas = 055]
[Tue May 3 00:49:51 ART 2016] = [nico] = [ProcesarOfertas] = [INFO] = [Archivo a procesar: 3744_20160420.csv.xls]
[Tue May 3 00:49:52 ART 2016] = [nico] = [ProcesarOfertas] = [INFO] = [Registros leídos = 036 : cantidad de ofertas validas 024 cantidad de ofertas rechazadas = 012]
[Tue May 3 00:49:52 ART 2016] = [nico] = [ProcesarOfertas] = [INFO] = [Archivo a procesar: 3745_20160427.csv.xls]
[Tue May 3 00:49:53 ART 2016] = [nico] = [ProcesarOfertas] = [INFO] = [Registros leídos = 010 : cantidad de ofertas validas 008 cantidad de ofertas rechazadas = 002]
[Tue May 3 00:49:53 ART 2016] = [nico] = [ProcesarOfertas] = [WAR] = [Se rechaza archivo 3746_20160420.csv.xls porque no corresponde con el formato esperado]
[Tue May 3 00:49:53 ART 2016] = [nico] = [ProcesarOfertas] = [INFO] = [Archivo a procesar: 3748_20160420.csv.xls]
[Tue May 3 00:50:00 ART 2016] = [nico] = [ProcesarOfertas] = [INFO] = [Registros leídos = 183 : cantidad de ofertas validas 124 cantidad de ofertas rechazadas = 059]
[Tue May 3 00:50:00 ART 2016] = [nico] = [ProcesarOfertas] = [INFO] = [Archivo a procesar: 3750_20160420.csv.xls]
[Tue May 3 00:50:01 ART 2016] = [nico] = [ProcesarOfertas] = [INFO] = [Registros leídos = 030 : cantidad de ofertas validas 022 cantidad de ofertas rechazadas = 008]
[Tue May 3 00:50:01 ART 2016] = [nico] = [ProcesarOfertas] = [INFO] = [Archivo a procesar: 3753_20160430.csv.xls]
[Tue May 3 00:50:02 ART 2016] = [nico] = [ProcesarOfertas] = [INFO] = [Registros leídos = 040 : cantidad de ofertas validas 023 cantidad de ofertas rechazadas = 017]
[Tue May 3 00:50:02 ART 2016] = [nico] = [ProcesarOfertas] = [INFO] = [Archivo a procesar: 3754_20160502.csv.xls]
[Tue May 3 00:50:04 ART 2016] = [nico] = [ProcesarOfertas] = [INFO] = [Registros leídos = 038 : cantidad de ofertas validas 026 cantidad de ofertas rechazadas = 012]
[Tue May 3 00:50:04 ART 2016] = [nico] = [ProcesarOfertas] = [INFO] = [Archivo a procesar: 3756_20160503.csv.xls]
[Tue May 3 00:50:05 ART 2016] = [nico] = [ProcesarOfertas] = [INFO] = [Registros leídos = 036 : cantidad de ofertas validas 023 cantidad de ofertas rechazadas = 013]
[Tue May 3 00:50:05 ART 2016] = [nico] = [ProcesarOfertas] = [INFO] = [Archivo a procesar: 3757_20160503.csv.xls]
[Tue May 3 00:50:06 ART 2016] = [nico] = [ProcesarOfertas] = [INFO] = [Registros leídos = 024 : cantidad de ofertas validas 016 cantidad de ofertas rechazadas = 008]
[Tue May 3 00:50:06 ART 2016] = [nico] = [ProcesarOfertas] = [INFO] = [Archivo a procesar: 3758_20160503.csv.xls]
[Tue May 3 00:50:08 ART 2016] = [nico] = [ProcesarOfertas] = [INFO] = [Registros leídos = 038 : cantidad de ofertas validas 018 cantidad de ofertas rechazadas = 020]
[Tue May 3 00:50:08 ART 2016] = [nico] = [ProcesarOfertas] = [INFO] = [Archivo a procesar: 3759_20160503.csv.xls]
[Tue May 3 00:50:14 ART 2016] = [nico] = [ProcesarOfertas] = [INFO] = [Registros leídos = 157 : cantidad de ofertas validas 095 cantidad de ofertas rechazadas = 062]
[Tue May 3 00:50:14 ART 2016] = [nico] = [ProcesarOfertas] = [INFO] = [Archivo a procesar: 3760_20160504.csv.xls]
[Tue May 3 00:50:19 ART 2016] = [nico] = [ProcesarOfertas] = [INFO] = [Registros leídos = 155 : cantidad de ofertas validas 086 cantidad de ofertas rechazadas = 069]
[Tue May 3 00:50:19 ART 2016] = [nico] = [ProcesarOfertas] = [INFO] = [Archivo a procesar: 3761_20160504.csv.xls]
[Tue May 3 00:50:21 ART 2016] = [nico] = [ProcesarOfertas] = [INFO] = [Registros leídos = 055 : cantidad de ofertas validas 034 cantidad de ofertas rechazadas = 021]
[Tue May 3 00:50:21 ART 2016] = [nico] = [ProcesarOfertas] = [INFO] = [Archivo a procesar: 3762_20160504.csv.xls]
[Tue May 3 00:50:23 ART 2016] = [nico] = [ProcesarOfertas] = [INFO] = [Registros leídos = 025 : cantidad de ofertas validas 016 cantidad de ofertas rechazadas = 009]
[Tue May 3 00:50:23 ART 2016] = [nico] = [ProcesarOfertas] = [INFO] = [Archivo a procesar: 3763_20160502.csv.xls]
[Tue May 3 00:50:23 ART 2016] = [nico] = [ProcesarOfertas] = [INFO] = [Registros leídos = 016 : cantidad de ofertas validas 013 cantidad de ofertas rechazadas = 003]
[Tue May 3 00:50:23 ART 2016] = [nico] = [ProcesarOfertas] = [INFO] = [Archivo a procesar: 3764_20160510.csv.xls]
[Tue May 3 00:50:26 ART 2016] = [nico] = [ProcesarOfertas] = [INFO] = [Registros leídos = 064 : cantidad de ofertas validas 037 cantidad de ofertas rechazadas = 027]
[Tue May 3 00:50:26 ART 2016] = [nico] = [ProcesarOfertas] = [INFO] = [Archivo a procesar: 3765_20160510.csv.xls]
[Tue May 3 00:50:29 ART 2016] = [nico] = [ProcesarOfertas] = [INFO] = [Registros leídos = 084 : cantidad de ofertas validas 056 cantidad de ofertas rechazadas = 028]
[Tue May 3 00:50:29 ART 2016] = [nico] = [ProcesarOfertas] = [INFO] = [Archivo a procesar: 3766_20160510.csv.xls]
[Tue May 3 00:50:32 ART 2016] = [nico] = [ProcesarOfertas] = [INFO] = [Registros leídos = 078 : cantidad de ofertas validas 050 cantidad de ofertas rechazadas = 028]
[Tue May 3 00:50:32 ART 2016] = [nico] = [ProcesarOfertas] = [INFO] = [Archivo a procesar: 3768_20160510.csv.xls]
[Tue May 3 00:50:33 ART 2016] = [nico] = [ProcesarOfertas] = [INFO] = [Registros leídos = 029 : cantidad de ofertas validas 022 cantidad de ofertas rechazadas = 007]
[Tue May 3 00:50:33 ART 2016] = [nico] = [ProcesarOfertas] = [INFO] = [Archivo a procesar: 3769_20160502.csv.xls]
[Tue May 3 00:50:35 ART 2016] = [nico] = [ProcesarOfertas] = [INFO] = [Registros leídos = 043 : cantidad de ofertas validas 029 cantidad de ofertas rechazadas = 014]
[Tue May 3 00:50:35 ART 2016] = [nico] = [ProcesarOfertas] = [INFO] = [Archivo a procesar: 3770_20160506.csv.xls]
[Tue May 3 00:50:36 ART 2016] = [nico] = [ProcesarOfertas] = [INFO] = [Registros leídos = 029 : cantidad de ofertas validas 014 cantidad de ofertas rechazadas = 015]
[Tue May 3 00:50:36 ART 2016] = [nico] = [ProcesarOfertas] = [INFO] = [Archivo a procesar: 3771_20160506.csv.xls]
[Tue May 3 00:50:40 ART 2016] = [nico] = [ProcesarOfertas] = [INFO] = [Registros leídos = 117 : cantidad de ofertas validas 075 cantidad de ofertas rechazadas = 042]
[Tue May 3 00:50:40 ART 2016] = [nico] = [ProcesarOfertas] = [INFO] = [Archivo a procesar: 3773_20160506.csv.xls]
[Tue May 3 00:50:41 ART 2016] = [nico] = [ProcesarOfertas] = [INFO] = [Registros leídos = 017 : cantidad de ofertas validas 011 cantidad de ofertas rechazadas = 006]
[Tue May 3 00:50:41 ART 2016] = [nico] = [ProcesarOfertas] = [INFO] = [Archivo a procesar: 3775_20160506.csv.xls]
[Tue May 3 00:50:42 ART 2016] = [nico] = [ProcesarOfertas] = [INFO] = [Registros leídos = 018 : cantidad de ofertas validas 008 cantidad de ofertas rechazadas = 010]
[Tue May 3 00:50:42 ART 2016] = [nico] = [ProcesarOfertas] = [INFO] = [Archivo a procesar: 3776_20160506.csv.xls]
[Tue May 3 00:50:49 ART 2016] = [nico] = [ProcesarOfertas] = [INFO] = [Registros leídos = 194 : cantidad de ofertas validas 112 cantidad de ofertas rechazadas = 082]
[Tue May 3 00:50:49 ART 2016] = [nico] = [ProcesarOfertas] = [INFO] = [Archivo a procesar: 3778_20160502.csv.xls]
[Tue May 3 00:50:53 ART 2016] = [nico] = [ProcesarOfertas] = [INFO] = [Registros leídos = 104 : cantidad de ofertas validas 075 cantidad de ofertas rechazadas = 029]
[Tue May 3 00:50:53 ART 2016] = [nico] = [ProcesarOfertas] = [INFO] = [Archivo a procesar: 3779_20160509.csv.xls]
[Tue May 3 00:50:57 ART 2016] = [nico] = [ProcesarOfertas] = [INFO] = [Registros leídos = 094 : cantidad de ofertas validas 052 cantidad de ofertas rechazadas = 042]
[Tue May 3 00:50:57 ART 2016] = [nico] = [ProcesarOfertas] = [INFO] = [Archivo a procesar: 3780_20160507.csv.xls]
[Tue May 3 00:50:57 ART 2016] = [nico] = [ProcesarOfertas] = [INFO] = [Registros leídos = 003 : cantidad de ofertas validas 002 cantidad de ofertas rechazadas = 001]
[Tue May 3 00:50:57 ART 2016] = [nico] = [ProcesarOfertas] = [INFO] = [Archivo a procesar: 3782_20160510.csv.xls]
[Tue May 3 00:50:57 ART 2016] = [nico] = [ProcesarOfertas] = [INFO] = [Registros leídos = 003 : cantidad de ofertas validas 001 cantidad de ofertas rechazadas = 002]
[Tue May 3 00:50:57 ART 2016] = [nico] = [ProcesarOfertas] = [INFO] = [Archivo a procesar: 3783_20160510.csv.xls]
[Tue May 3 00:51:02 ART 2016] = [nico] = [ProcesarOfertas] = [INFO] = [Registros leídos = 148 : cantidad de ofertas validas 091 cantidad de ofertas rechazadas = 057]
[Tue May 3 00:51:02 ART 2016] = [nico] = [ProcesarOfertas] = [INFO] = [Archivo a procesar: 3784_20160510.csv.xls]
[Tue May 3 00:51:03 ART 2016] = [nico] = [ProcesarOfertas] = [INFO] = [Registros leídos = 004 : cantidad de ofertas validas 004 cantidad de ofertas rechazadas = 000]
[Tue May 3 00:51:03 ART 2016] = [nico] = [ProcesarOfertas] = [INFO] = [Archivo a procesar: 3785_20160510.csv.xls]
[Tue May 3 00:51:04 ART 2016] = [nico] = [ProcesarOfertas] = [INFO] = [Registros leídos = 053 : cantidad de ofertas validas 031 cantidad de ofertas rechazadas = 022]
[Tue May 3 00:51:04 ART 2016] = [nico] = [ProcesarOfertas] = [INFO] = [Archivo a procesar: 4501_20160510.csv.xls]
[Tue May 3 00:51:08 ART 2016] = [nico] = [ProcesarOfertas] = [INFO] = [Registros leídos = 081 : cantidad de ofertas validas 072 cantidad de ofertas rechazadas = 009]
[Tue May 3 00:51:08 ART 2016] = [nico] = [ProcesarOfertas] = [INFO] = [Archivo a procesar: 4503_20160510.csv.xls]
[Tue May 3 00:51:09 ART 2016] = [nico] = [ProcesarOfertas] = [INFO] = [Registros leídos = 042 : cantidad de ofertas validas 021 cantidad de ofertas rechazadas = 021]
[Tue May 3 00:51:09 ART 2016] = [nico] = [ProcesarOfertas] = [INFO] = [Fin de procesar ofertas]
