[mar may 3 22:02:10 ART 2016] = [nacho] = [ProcesarOfertas] = [INFO] = [Inicio de ProcesarOfertas]
[mar may 3 22:02:10 ART 2016] = [nacho] = [ProcesarOfertas] = [INFO] = [Cantidad de archivos a procesar: 10]
[mar may 3 22:02:10 ART 2016] = [nacho] = [ProcesarOfertas] = [INFO] = [Archivo a procesar: 3303_20160420.csv.xls]
[mar may 3 22:02:18 ART 2016] = [nacho] = [ProcesarOfertas] = [INFO] = [Registros leídos = 093 : cantidad de ofertas validas 056 cantidad de ofertas rechazadas = 037]
[mar may 3 22:02:18 ART 2016] = [nacho] = [ProcesarOfertas] = [INFO] = [Archivo a procesar: 3402_20160420.csv.xls]
[mar may 3 22:02:45 ART 2016] = [nacho] = [ProcesarOfertas] = [INFO] = [Registros leídos = 312 : cantidad de ofertas validas 199 cantidad de ofertas rechazadas = 113]
[mar may 3 22:02:45 ART 2016] = [nacho] = [ProcesarOfertas] = [INFO] = [Archivo a procesar: 3500_20160420.csv.xls]
[mar may 3 22:03:02 ART 2016] = [nacho] = [ProcesarOfertas] = [INFO] = [Registros leídos = 192 : cantidad de ofertas validas 125 cantidad de ofertas rechazadas = 067]
[mar may 3 22:03:02 ART 2016] = [nacho] = [ProcesarOfertas] = [INFO] = [Archivo a procesar: 3505_20160421.csv.xls]
[mar may 3 22:03:10 ART 2016] = [nacho] = [ProcesarOfertas] = [INFO] = [Registros leídos = 091 : cantidad de ofertas validas 060 cantidad de ofertas rechazadas = 031]
[mar may 3 22:03:10 ART 2016] = [nacho] = [ProcesarOfertas] = [INFO] = [Archivo a procesar: 3510_20160420.csv.xls]
[mar may 3 22:03:20 ART 2016] = [nacho] = [ProcesarOfertas] = [INFO] = [Registros leídos = 116 : cantidad de ofertas validas 079 cantidad de ofertas rechazadas = 037]
[mar may 3 22:03:20 ART 2016] = [nacho] = [ProcesarOfertas] = [INFO] = [Archivo a procesar: 3520_20160422.csv.xls]
[mar may 3 22:03:32 ART 2016] = [nacho] = [ProcesarOfertas] = [INFO] = [Registros leídos = 134 : cantidad de ofertas validas 084 cantidad de ofertas rechazadas = 050]
[mar may 3 22:03:32 ART 2016] = [nacho] = [ProcesarOfertas] = [INFO] = [Archivo a procesar: 3718_20160420.csv.xls]
[mar may 3 22:03:34 ART 2016] = [nacho] = [ProcesarOfertas] = [INFO] = [Registros leídos = 019 : cantidad de ofertas validas 012 cantidad de ofertas rechazadas = 007]
[mar may 3 22:03:34 ART 2016] = [nacho] = [ProcesarOfertas] = [INFO] = [Archivo a procesar: 3722_20160423.csv.xls]
[mar may 3 22:03:36 ART 2016] = [nacho] = [ProcesarOfertas] = [INFO] = [Registros leídos = 025 : cantidad de ofertas validas 019 cantidad de ofertas rechazadas = 006]
[mar may 3 22:03:36 ART 2016] = [nacho] = [ProcesarOfertas] = [INFO] = [Archivo a procesar: 3724_20160420.csv.xls]
[mar may 3 22:03:42 ART 2016] = [nacho] = [ProcesarOfertas] = [INFO] = [Registros leídos = 076 : cantidad de ofertas validas 049 cantidad de ofertas rechazadas = 027]
[mar may 3 22:03:42 ART 2016] = [nacho] = [ProcesarOfertas] = [INFO] = [Archivo a procesar: 3729_20160424.csv.xls]
[mar may 3 22:03:51 ART 2016] = [nacho] = [ProcesarOfertas] = [INFO] = [Registros leídos = 102 : cantidad de ofertas validas 071 cantidad de ofertas rechazadas = 031]
[mar may 3 22:03:51 ART 2016] = [nacho] = [ProcesarOfertas] = [INFO] = [Fin de procesar ofertas]
