[mar may 3 21:11:49 ART 2016] = [nacho] = [RecibirOfertas.sh] = [INFO] = [RecibirOfertas.sh ciclo nro. 1]
[mar may 3 21:11:50 ART 2016] = [nacho] = [RecibirOfertas.sh] = [WAR] = ["3764_20160510.csv.xls" tiene una fecha en el nombre de archivo que no es menor o igual que la fecha actual.]
[mar may 3 21:11:50 ART 2016] = [nacho] = [RecibirOfertas.sh] = [WAR] = ["20160519.txt" no cumple con el formato de nombre de archivo.]
[mar may 3 21:11:53 ART 2016] = [nacho] = [RecibirOfertas.sh] = [INFO] = [RecibirOfertas.sh ciclo nro. 2]
[mar may 3 21:11:56 ART 2016] = [nacho] = [RecibirOfertas.sh] = [INFO] = [RecibirOfertas.sh ciclo nro. 3]
[mar may 3 21:11:59 ART 2016] = [nacho] = [RecibirOfertas.sh] = [INFO] = [RecibirOfertas.sh ciclo nro. 4]
[mar may 3 21:12:02 ART 2016] = [nacho] = [RecibirOfertas.sh] = [INFO] = [RecibirOfertas.sh ciclo nro. 5]
[mar may 3 21:12:05 ART 2016] = [nacho] = [RecibirOfertas.sh] = [INFO] = [RecibirOfertas.sh ciclo nro. 6]
[mar may 3 21:12:08 ART 2016] = [nacho] = [RecibirOfertas.sh] = [INFO] = [RecibirOfertas.sh ciclo nro. 7]
[mar may 3 21:12:11 ART 2016] = [nacho] = [RecibirOfertas.sh] = [INFO] = [RecibirOfertas.sh ciclo nro. 8]
[mar may 3 21:12:14 ART 2016] = [nacho] = [RecibirOfertas.sh] = [INFO] = [RecibirOfertas.sh ciclo nro. 9]
[mar may 3 21:12:17 ART 2016] = [nacho] = [RecibirOfertas.sh] = [INFO] = [RecibirOfertas.sh ciclo nro. 10]
[mar may 3 21:12:20 ART 2016] = [nacho] = [RecibirOfertas.sh] = [INFO] = [RecibirOfertas.sh ciclo nro. 11]
[mar may 3 21:12:23 ART 2016] = [nacho] = [RecibirOfertas.sh] = [INFO] = [RecibirOfertas.sh ciclo nro. 12]
[mar may 3 21:12:26 ART 2016] = [nacho] = [RecibirOfertas.sh] = [INFO] = [RecibirOfertas.sh ciclo nro. 13]
[mar may 3 21:12:29 ART 2016] = [nacho] = [RecibirOfertas.sh] = [INFO] = [RecibirOfertas.sh ciclo nro. 14]
[mar may 3 21:12:32 ART 2016] = [nacho] = [RecibirOfertas.sh] = [INFO] = [RecibirOfertas.sh ciclo nro. 15]
[mar may 3 21:12:35 ART 2016] = [nacho] = [RecibirOfertas.sh] = [INFO] = [RecibirOfertas.sh ciclo nro. 16]
[mar may 3 21:12:38 ART 2016] = [nacho] = [RecibirOfertas.sh] = [INFO] = [RecibirOfertas.sh ciclo nro. 17]
[mar may 3 21:12:41 ART 2016] = [nacho] = [RecibirOfertas.sh] = [INFO] = [RecibirOfertas.sh ciclo nro. 18]
[mar may 3 21:12:41 ART 2016] = [nacho] = [RecibirOfertas.sh] = [INFO] = ["3303_20160420.csv.xls" es aceptado.]
[mar may 3 21:12:41 ART 2016] = [nacho] = [RecibirOfertas.sh] = [INFO] = ["3402_20160420.csv.xls" es aceptado.]
[mar may 3 21:12:41 ART 2016] = [nacho] = [RecibirOfertas.sh] = [INFO] = ["3500_20160420.csv.xls" es aceptado.]
[mar may 3 21:12:41 ART 2016] = [nacho] = [RecibirOfertas.sh] = [INFO] = ["3505_20160421.csv.xls" es aceptado.]
[mar may 3 21:12:41 ART 2016] = [nacho] = [RecibirOfertas.sh] = [INFO] = ["3510_20160420.csv.xls" es aceptado.]
[mar may 3 21:12:42 ART 2016] = [nacho] = [RecibirOfertas.sh] = [INFO] = ["3520_20160422.csv.xls" es aceptado.]
[mar may 3 21:12:42 ART 2016] = [nacho] = [RecibirOfertas.sh] = [INFO] = ["3718_20160420.csv.xls" es aceptado.]
[mar may 3 21:12:42 ART 2016] = [nacho] = [RecibirOfertas.sh] = [INFO] = ["3722_20160423.csv.xls" es aceptado.]
[mar may 3 21:12:42 ART 2016] = [nacho] = [RecibirOfertas.sh] = [INFO] = ["3724_20160420.csv.xls" es aceptado.]
[mar may 3 21:12:42 ART 2016] = [nacho] = [RecibirOfertas.sh] = [INFO] = ["3729_20160424.csv.xls" es aceptado.]
[mar may 3 21:12:42 ART 2016] = [nacho] = [RecibirOfertas.sh] = [INFO] = ["3732_20160420.csv.xls" es aceptado.]
[mar may 3 21:12:42 ART 2016] = [nacho] = [RecibirOfertas.sh] = [INFO] = ["3735_20160425.csv.xls" es aceptado.]
[mar may 3 21:12:42 ART 2016] = [nacho] = [RecibirOfertas.sh] = [INFO] = ["3739_20160420.csv.xls" es aceptado.]
[mar may 3 21:12:42 ART 2016] = [nacho] = [RecibirOfertas.sh] = [INFO] = ["3741_20160426.csv.xls" es aceptado.]
[mar may 3 21:12:42 ART 2016] = [nacho] = [RecibirOfertas.sh] = [INFO] = ["3744_20160420.csv.xls" es aceptado.]
[mar may 3 21:12:42 ART 2016] = [nacho] = [RecibirOfertas.sh] = [INFO] = ["3745_20160427.csv.xls" es aceptado.]
[mar may 3 21:12:42 ART 2016] = [nacho] = [RecibirOfertas.sh] = [INFO] = ["3748_20160420.csv.xls" es aceptado.]
[mar may 3 21:12:42 ART 2016] = [nacho] = [RecibirOfertas.sh] = [INFO] = ["3750_20160420.csv.xls" es aceptado.]
[mar may 3 21:12:42 ART 2016] = [nacho] = [RecibirOfertas.sh] = [INFO] = ["3753_20160430.csv.xls" es aceptado.]
[mar may 3 21:12:42 ART 2016] = [nacho] = [RecibirOfertas.sh] = [INFO] = ["3754_20160502.csv.xls" es aceptado.]
[mar may 3 21:12:42 ART 2016] = [nacho] = [RecibirOfertas.sh] = [INFO] = ["3756_20160503.csv.xls" es aceptado.]
[mar may 3 21:12:42 ART 2016] = [nacho] = [RecibirOfertas.sh] = [INFO] = ["3757_20160503.csv.xls" es aceptado.]
[mar may 3 21:12:42 ART 2016] = [nacho] = [RecibirOfertas.sh] = [INFO] = ["3758_20160503.csv.xls" es aceptado.]
[mar may 3 21:12:42 ART 2016] = [nacho] = [RecibirOfertas.sh] = [INFO] = ["3759_20160503.csv.xls" es aceptado.]
[mar may 3 21:12:42 ART 2016] = [nacho] = [RecibirOfertas.sh] = [INFO] = ["3763_20160502.csv.xls" es aceptado.]
[mar may 3 21:12:42 ART 2016] = [nacho] = [RecibirOfertas.sh] = [INFO] = ["3769_20160502.csv.xls" es aceptado.]
[mar may 3 21:12:42 ART 2016] = [nacho] = [RecibirOfertas.sh] = [INFO] = ["3778_20160502.csv.xls" es aceptado.]
[mar may 3 21:12:45 ART 2016] = [nacho] = [RecibirOfertas.sh] = [INFO] = [RecibirOfertas.sh ciclo nro. 19]
[mar may 3 21:12:45 ART 2016] = [nacho] = [RecibirOfertas.sh] = [INFO] = [ProcesarOfertas.sh ya se encuentra ejecutandose.]
[mar may 3 21:12:48 ART 2016] = [nacho] = [RecibirOfertas.sh] = [INFO] = [RecibirOfertas.sh ciclo nro. 20]
[mar may 3 21:12:48 ART 2016] = [nacho] = [RecibirOfertas.sh] = [INFO] = [ProcesarOfertas.sh ya se encuentra ejecutandose.]
[mar may 3 21:12:51 ART 2016] = [nacho] = [RecibirOfertas.sh] = [INFO] = [RecibirOfertas.sh ciclo nro. 21]
[mar may 3 21:12:51 ART 2016] = [nacho] = [RecibirOfertas.sh] = [INFO] = [ProcesarOfertas.sh ya se encuentra ejecutandose.]
[mar may 3 21:12:55 ART 2016] = [nacho] = [RecibirOfertas.sh] = [INFO] = [RecibirOfertas.sh ciclo nro. 22]
[mar may 3 21:12:55 ART 2016] = [nacho] = [RecibirOfertas.sh] = [INFO] = [ProcesarOfertas.sh ya se encuentra ejecutandose.]
[mar may 3 21:12:58 ART 2016] = [nacho] = [RecibirOfertas.sh] = [INFO] = [RecibirOfertas.sh ciclo nro. 23]
[mar may 3 21:12:58 ART 2016] = [nacho] = [RecibirOfertas.sh] = [INFO] = [ProcesarOfertas.sh ya se encuentra ejecutandose.]
[mar may 3 21:13:01 ART 2016] = [nacho] = [RecibirOfertas.sh] = [INFO] = [RecibirOfertas.sh ciclo nro. 24]
[mar may 3 21:13:01 ART 2016] = [nacho] = [RecibirOfertas.sh] = [INFO] = [ProcesarOfertas.sh ya se encuentra ejecutandose.]
[mar may 3 21:13:04 ART 2016] = [nacho] = [RecibirOfertas.sh] = [INFO] = [RecibirOfertas.sh ciclo nro. 25]
[mar may 3 21:13:04 ART 2016] = [nacho] = [RecibirOfertas.sh] = [INFO] = [ProcesarOfertas.sh ya se encuentra ejecutandose.]
[mar may 3 21:13:07 ART 2016] = [nacho] = [RecibirOfertas.sh] = [INFO] = [RecibirOfertas.sh ciclo nro. 26]
[mar may 3 21:13:07 ART 2016] = [nacho] = [RecibirOfertas.sh] = [INFO] = [ProcesarOfertas.sh ya se encuentra ejecutandose.]
[mar may 3 21:13:10 ART 2016] = [nacho] = [RecibirOfertas.sh] = [INFO] = [RecibirOfertas.sh ciclo nro. 27]
[mar may 3 21:13:10 ART 2016] = [nacho] = [RecibirOfertas.sh] = [INFO] = [ProcesarOfertas.sh ya se encuentra ejecutandose.]
