[Sun Apr 24 22:06:51 ART 2016] = [nico] = [ProcesarOfertas] = [INFO] = [Inicio de ProcesarOfertas]
[Sun Apr 24 22:06:51 ART 2016] = [nico] = [ProcesarOfertas] = [INFO] = [Cantidad de archivos a procesar: 48]
[Sun Apr 24 22:06:51 ART 2016] = [nico] = [ProcesarOfertas] = [WAR] = [Se rechaza archivo 3303_20160420.csv.xls por estar duplicado]
[Sun Apr 24 22:06:51 ART 2016] = [nico] = [ProcesarOfertas] = [WAR] = [Se rechaza archivo 3746_20160420.csv.xls porque no corresponde con el formato esperado]
[Sun Apr 24 22:10:03 ART 2016] = [nico] = [ProcesarOfertas] = [INFO] = [Inicio de ProcesarOfertas]
[Sun Apr 24 22:10:03 ART 2016] = [nico] = [ProcesarOfertas] = [INFO] = [Cantidad de archivos a procesar: 48]
[Sun Apr 24 22:10:03 ART 2016] = [nico] = [ProcesarOfertas] = [WAR] = [Se rechaza archivo 3303_20160420.csv.xls por estar duplicado]
[Sun Apr 24 22:10:03 ART 2016] = [nico] = [ProcesarOfertas] = [WAR] = [Se rechaza archivo 3746_20160420.csv.xls porque no corresponde con el formato esperado]
[Mon Apr 25 02:31:39 ART 2016] = [nico] = [ProcesarOfertas] = [INFO] = [Inicio de ProcesarOfertas]
[Mon Apr 25 02:31:39 ART 2016] = [nico] = [ProcesarOfertas] = [INFO] = [Cantidad de archivos a procesar: 48]
[Mon Apr 25 02:31:39 ART 2016] = [nico] = [ProcesarOfertas] = [WAR] = [Se rechaza archivo 3303_20160420.csv.xls por estar duplicado]
[Mon Apr 25 02:31:39 ART 2016] = [nico] = [ProcesarOfertas] = [WAR] = [Se rechaza archivo 3746_20160420.csv.xls porque no corresponde con el formato esperado]
[Mon Apr 25 02:31:47 ART 2016] = [nico] = [ProcesarOfertas] = [INFO] = [Inicio de ProcesarOfertas]
[Mon Apr 25 02:31:47 ART 2016] = [nico] = [ProcesarOfertas] = [INFO] = [Cantidad de archivos a procesar: 48]
[Mon Apr 25 02:31:47 ART 2016] = [nico] = [ProcesarOfertas] = [WAR] = [Se rechaza archivo 3303_20160420.csv.xls por estar duplicado]
[Mon Apr 25 02:31:47 ART 2016] = [nico] = [ProcesarOfertas] = [WAR] = [Se rechaza archivo 3746_20160420.csv.xls porque no corresponde con el formato esperado]
[Mon Apr 25 22:41:02 ART 2016] = [nico] = [ProcesarOfertas] = [INFO] = [Inicio de ProcesarOfertas]
[Mon Apr 25 22:41:02 ART 2016] = [nico] = [ProcesarOfertas] = [INFO] = [Cantidad de archivos a procesar: 48]
[Mon Apr 25 22:41:02 ART 2016] = [nico] = [ProcesarOfertas] = [WAR] = [Se rechaza archivo 3303_20160420.csv.xls por estar duplicado]
[Mon Apr 25 22:42:32 ART 2016] = [nico] = [ProcesarOfertas] = [INFO] = [Inicio de ProcesarOfertas]
[Mon Apr 25 22:42:33 ART 2016] = [nico] = [ProcesarOfertas] = [INFO] = [Cantidad de archivos a procesar: 48]
[Mon Apr 25 22:42:33 ART 2016] = [nico] = [ProcesarOfertas] = [WAR] = [Se rechaza archivo 3303_20160420.csv.xls por estar duplicado]
[Mon Apr 25 22:42:37 ART 2016] = [nico] = [ProcesarOfertas] = [WAR] = [Se rechaza archivo 3746_20160420.csv.xls porque no corresponde con el formato esperado]
[Mon Apr 25 22:43:12 ART 2016] = [nico] = [ProcesarOfertas] = [INFO] = [Inicio de ProcesarOfertas]
[Mon Apr 25 22:43:12 ART 2016] = [nico] = [ProcesarOfertas] = [INFO] = [Cantidad de archivos a procesar: 48]
[Mon Apr 25 22:43:12 ART 2016] = [nico] = [ProcesarOfertas] = [WAR] = [Se rechaza archivo 3303_20160420.csv.xls por estar duplicado]
[Mon Apr 25 22:43:16 ART 2016] = [nico] = [ProcesarOfertas] = [WAR] = [Se rechaza archivo 3746_20160420.csv.xls porque no corresponde con el formato esperado]
[Mon Apr 25 22:43:56 ART 2016] = [nico] = [ProcesarOfertas] = [INFO] = [Inicio de ProcesarOfertas]
[Mon Apr 25 22:43:56 ART 2016] = [nico] = [ProcesarOfertas] = [INFO] = [Cantidad de archivos a procesar: 48]
[Mon Apr 25 22:43:56 ART 2016] = [nico] = [ProcesarOfertas] = [WAR] = [Se rechaza archivo 3303_20160420.csv.xls por estar duplicado]
[Mon Apr 25 22:44:00 ART 2016] = [nico] = [ProcesarOfertas] = [WAR] = [Se rechaza archivo 3746_20160420.csv.xls porque no corresponde con el formato esperado]
[Tue Apr 26 00:11:02 ART 2016] = [nico] = [ProcesarOfertas] = [INFO] = [Inicio de ProcesarOfertas]
[Tue Apr 26 00:11:02 ART 2016] = [nico] = [ProcesarOfertas] = [INFO] = [Cantidad de archivos a procesar: 48]
[Tue Apr 26 00:11:02 ART 2016] = [nico] = [ProcesarOfertas] = [WAR] = [Se rechaza archivo 3303_20160420.csv.xls por estar duplicado]
[Tue Apr 26 00:11:24 ART 2016] = [nico] = [ProcesarOfertas] = [INFO] = [Inicio de ProcesarOfertas]
[Tue Apr 26 00:11:24 ART 2016] = [nico] = [ProcesarOfertas] = [INFO] = [Cantidad de archivos a procesar: 48]
[Tue Apr 26 00:11:24 ART 2016] = [nico] = [ProcesarOfertas] = [WAR] = [Se rechaza archivo 3303_20160420.csv.xls por estar duplicado]
[Tue Apr 26 00:13:42 ART 2016] = [nico] = [ProcesarOfertas] = [INFO] = [Inicio de ProcesarOfertas]
[Tue Apr 26 00:13:42 ART 2016] = [nico] = [ProcesarOfertas] = [INFO] = [Cantidad de archivos a procesar: 48]
[Tue Apr 26 00:13:42 ART 2016] = [nico] = [ProcesarOfertas] = [WAR] = [Se rechaza archivo 3303_20160420.csv.xls por estar duplicado]
[Tue Apr 26 00:13:45 ART 2016] = [nico] = [ProcesarOfertas] = [WAR] = [Se rechaza archivo 3746_20160420.csv.xls porque no corresponde con el formato esperado]
