[mar may 3 19:00:58 ART 2016] = [nacho] = [PrepararAmbiente] = [INFO] = [Variables de Ambiente Seteadas]
[mar may 3 19:00:58 ART 2016] = [nacho] = [PrepararAmbiente] = [INFO] = [Estado de la instalacion: INICIALIZDO]
[mar may 3 19:00:58 ART 2016] = [nacho] = [PrepararAmbiente] = [INFO] = [Ambiente ya inicializado, para reiniciar termine la sesion e ingrese nuevamente]
[mar may 3 19:01:04 ART 2016] = [nacho] = [PrepararAmbiente] = [INFO] = [Ingresa SI]
[mar may 3 19:01:21 ART 2016] = [nacho] = [PrepararAmbiente] = [INFO] = [Variables de Ambiente Seteadas]
[mar may 3 19:01:21 ART 2016] = [nacho] = [PrepararAmbiente] = [INFO] = [Estado de la instalacion: INICIALIZDO]
[mar may 3 19:01:21 ART 2016] = [nacho] = [PrepararAmbiente] = [INFO] = [Ambiente ya inicializado, para reiniciar termine la sesion e ingrese nuevamente]
[mar may 3 19:01:25 ART 2016] = [nacho] = [PrepararAmbiente] = [INFO] = [Ingresa SI]
[mar may 3 19:02:49 ART 2016] = [nacho] = [PrepararAmbiente] = [INFO] = [Variables de Ambiente Seteadas]
[mar may 3 19:02:49 ART 2016] = [nacho] = [PrepararAmbiente] = [INFO] = [Estado de la instalacion: INICIALIZDO]
[mar may 3 19:02:49 ART 2016] = [nacho] = [PrepararAmbiente] = [INFO] = [Ambiente ya inicializado, para reiniciar termine la sesion e ingrese nuevamente]
[mar may 3 19:02:52 ART 2016] = [nacho] = [PrepararAmbiente] = [INFO] = [Ingresa NO]
[mar may 3 19:02:52 ART 2016] = [nacho] = [PrepararAmbiente] = [INFO] = [Para activar RecibirOfertas ejecute . $GRUPO/RecibirOfertas.sh]
[mar may 3 19:02:56 ART 2016] = [nacho] = [PrepararAmbiente] = [INFO] = [Ambiente ya inicializado, para reiniciar termine la sesion e ingrese nuevamente]
[mar may 3 19:04:22 ART 2016] = [nacho] = [PrepararAmbiente] = [INFO] = [Ambiente ya inicializado, para reiniciar termine la sesion e ingrese nuevamente]
[mar may 3 19:04:28 ART 2016] = [nacho] = [PrepararAmbiente] = [INFO] = [Variables de Ambiente Seteadas]
[mar may 3 19:04:28 ART 2016] = [nacho] = [PrepararAmbiente] = [INFO] = [Estado de la instalacion: INICIALIZDO]
[mar may 3 19:04:28 ART 2016] = [nacho] = [PrepararAmbiente] = [INFO] = [Ambiente ya inicializado, para reiniciar termine la sesion e ingrese nuevamente]
[mar may 3 19:04:30 ART 2016] = [nacho] = [PrepararAmbiente] = [INFO] = [Ingresa SI]
[mar may 3 19:08:08 ART 2016] = [nacho] = [PrepararAmbiente] = [INFO] = [Variables de Ambiente Seteadas]
[mar may 3 19:08:08 ART 2016] = [nacho] = [PrepararAmbiente] = [INFO] = [Estado de la instalacion: INICIALIZDO]
[mar may 3 19:08:08 ART 2016] = [nacho] = [PrepararAmbiente] = [INFO] = [Ambiente ya inicializado, para reiniciar termine la sesion e ingrese nuevamente]
[mar may 3 19:08:15 ART 2016] = [nacho] = [PrepararAmbiente] = [INFO] = [Ingresa NO]
[mar may 3 19:08:15 ART 2016] = [nacho] = [PrepararAmbiente] = [INFO] = [Para activar RecibirOfertas ejecute . $GRUPO/RecibirOfertas.sh]
[mar may 3 19:16:50 ART 2016] = [nacho] = [PrepararAmbiente] = [INFO] = [Ambiente ya inicializado, para reiniciar termine la sesion e ingrese nuevamente]
[mar may 3 19:17:09 ART 2016] = [nacho] = [PrepararAmbiente] = [INFO] = [Variables de Ambiente Seteadas]
[mar may 3 19:17:09 ART 2016] = [nacho] = [PrepararAmbiente] = [INFO] = [Estado de la instalacion: INICIALIZDO]
[mar may 3 19:17:09 ART 2016] = [nacho] = [PrepararAmbiente] = [INFO] = [Ambiente ya inicializado, para reiniciar termine la sesion e ingrese nuevamente]
[mar may 3 19:17:12 ART 2016] = [nacho] = [PrepararAmbiente] = [INFO] = [Ingresa SI]
[mar may 3 19:17:12 ART 2016] = [nacho] = [PrepararAmbiente] = [INFO] = [RecibirOfertas corriendo bajo el no.: 4946 ]
[mar may 3 19:21:50 ART 2016] = [nacho] = [PrepararAmbiente] = [INFO] = [Variables de Ambiente Seteadas]
[mar may 3 19:21:50 ART 2016] = [nacho] = [PrepararAmbiente] = [INFO] = [Estado de la instalacion: INICIALIZDO]
[mar may 3 19:21:50 ART 2016] = [nacho] = [PrepararAmbiente] = [INFO] = [Ambiente ya inicializado, para reiniciar termine la sesion e ingrese nuevamente]
[mar may 3 19:21:53 ART 2016] = [nacho] = [PrepararAmbiente] = [INFO] = [Ingresa SI]
[mar may 3 19:21:53 ART 2016] = [nacho] = [PrepararAmbiente] = [INFO] = [RecibirOfertas corriendo bajo el no.: 4946 ]
[mar may 3 19:28:49 ART 2016] = [nacho] = [PrepararAmbiente] = [INFO] = [Variables de Ambiente Seteadas]
[mar may 3 19:28:49 ART 2016] = [nacho] = [PrepararAmbiente] = [INFO] = [Estado de la instalacion: INICIALIZDO]
[mar may 3 19:28:49 ART 2016] = [nacho] = [PrepararAmbiente] = [INFO] = [Ambiente ya inicializado, para reiniciar termine la sesion e ingrese nuevamente]
[mar may 3 19:28:53 ART 2016] = [nacho] = [PrepararAmbiente] = [INFO] = [Ingresa NO]
[mar may 3 19:28:53 ART 2016] = [nacho] = [PrepararAmbiente] = [INFO] = [Para activar RecibirOfertas ejecute . $GRUPO/RecibirOfertas.sh]
[mar may 3 19:30:25 ART 2016] = [nacho] = [PrepararAmbiente] = [INFO] = [Variables de Ambiente Seteadas]
[mar may 3 19:30:25 ART 2016] = [nacho] = [PrepararAmbiente] = [INFO] = [Estado de la instalacion: INICIALIZDO]
[mar may 3 19:30:25 ART 2016] = [nacho] = [PrepararAmbiente] = [INFO] = [Ambiente ya inicializado, para reiniciar termine la sesion e ingrese nuevamente]
[mar may 3 19:30:27 ART 2016] = [nacho] = [PrepararAmbiente] = [INFO] = [Ingresa SI]
[mar may 3 19:30:47 ART 2016] = [nacho] = [PrepararAmbiente] = [INFO] = [Variables de Ambiente Seteadas]
[mar may 3 19:30:47 ART 2016] = [nacho] = [PrepararAmbiente] = [INFO] = [Estado de la instalacion: INICIALIZDO]
[mar may 3 19:30:47 ART 2016] = [nacho] = [PrepararAmbiente] = [INFO] = [Ambiente ya inicializado, para reiniciar termine la sesion e ingrese nuevamente]
[mar may 3 19:30:49 ART 2016] = [nacho] = [PrepararAmbiente] = [INFO] = [Ingresa SI]
[mar may 3 19:32:29 ART 2016] = [nacho] = [PrepararAmbiente] = [INFO] = [Variables de Ambiente Seteadas]
[mar may 3 19:32:30 ART 2016] = [nacho] = [PrepararAmbiente] = [INFO] = [Estado de la instalacion: INICIALIZDO]
[mar may 3 19:32:30 ART 2016] = [nacho] = [PrepararAmbiente] = [INFO] = [Ambiente ya inicializado, para reiniciar termine la sesion e ingrese nuevamente]
[mar may 3 19:32:31 ART 2016] = [nacho] = [PrepararAmbiente] = [INFO] = [Ingresa SI]
[mar may 3 19:32:31 ART 2016] = [nacho] = [PrepararAmbiente] = [INFO] = [RecibirOfertas corriendo bajo el no.: 6128 ]
[mar may 3 19:33:12 ART 2016] = [nacho] = [PrepararAmbiente] = [INFO] = [Variables de Ambiente Seteadas]
[mar may 3 19:33:12 ART 2016] = [nacho] = [PrepararAmbiente] = [INFO] = [Estado de la instalacion: INICIALIZDO]
[mar may 3 19:33:12 ART 2016] = [nacho] = [PrepararAmbiente] = [INFO] = [Ambiente ya inicializado, para reiniciar termine la sesion e ingrese nuevamente]
[mar may 3 19:33:14 ART 2016] = [nacho] = [PrepararAmbiente] = [INFO] = [Ingresa SI]
[mar may 3 19:33:31 ART 2016] = [nacho] = [PrepararAmbiente] = [INFO] = [Variables de Ambiente Seteadas]
[mar may 3 19:33:31 ART 2016] = [nacho] = [PrepararAmbiente] = [INFO] = [Estado de la instalacion: INICIALIZDO]
[mar may 3 19:33:31 ART 2016] = [nacho] = [PrepararAmbiente] = [INFO] = [Ambiente ya inicializado, para reiniciar termine la sesion e ingrese nuevamente]
[mar may 3 19:33:36 ART 2016] = [nacho] = [PrepararAmbiente] = [INFO] = [Ingresa NO]
[mar may 3 19:33:36 ART 2016] = [nacho] = [PrepararAmbiente] = [INFO] = [Para activar RecibirOfertas ejecute . $GRUPO/binarios/RecibirOfertas.sh]
[mar may 3 19:34:55 ART 2016] = [nacho] = [PrepararAmbiente] = [INFO] = [Variables de Ambiente Seteadas]
[mar may 3 19:34:55 ART 2016] = [nacho] = [PrepararAmbiente] = [INFO] = [Estado de la instalacion: INICIALIZDO]
[mar may 3 19:34:55 ART 2016] = [nacho] = [PrepararAmbiente] = [INFO] = [Ambiente ya inicializado, para reiniciar termine la sesion e ingrese nuevamente]
[mar may 3 19:34:58 ART 2016] = [nacho] = [PrepararAmbiente] = [INFO] = [Ingresa NO]
[mar may 3 19:34:58 ART 2016] = [nacho] = [PrepararAmbiente] = [INFO] = [Para activar RecibirOfertas ejecute . $GRUPO/binarios/RecibirOfertas.sh]
[mar may 3 19:46:01 ART 2016] = [nacho] = [PrepararAmbiente] = [INFO] = [Variables de Ambiente Seteadas]
[mar may 3 19:46:01 ART 2016] = [nacho] = [PrepararAmbiente] = [INFO] = [Estado de la instalacion: INICIALIZDO]
[mar may 3 19:46:01 ART 2016] = [nacho] = [PrepararAmbiente] = [INFO] = [Ambiente ya inicializado, para reiniciar termine la sesion e ingrese nuevamente]
[mar may 3 19:46:05 ART 2016] = [nacho] = [PrepararAmbiente] = [INFO] = [Ingresa SI]
[mar may 3 19:46:24 ART 2016] = [nacho] = [PrepararAmbiente] = [INFO] = [Variables de Ambiente Seteadas]
[mar may 3 19:46:24 ART 2016] = [nacho] = [PrepararAmbiente] = [INFO] = [Estado de la instalacion: INICIALIZDO]
[mar may 3 19:46:24 ART 2016] = [nacho] = [PrepararAmbiente] = [INFO] = [Ambiente ya inicializado, para reiniciar termine la sesion e ingrese nuevamente]
[mar may 3 19:46:26 ART 2016] = [nacho] = [PrepararAmbiente] = [INFO] = [Ingresa NO]
[mar may 3 19:46:26 ART 2016] = [nacho] = [PrepararAmbiente] = [INFO] = [Para activar RecibirOfertas ejecute . $GRUPO/binarios/RecibirOfertas.sh]
[mar may 3 20:15:25 ART 2016] = [nacho] = [PrepararAmbiente] = [INFO] = [Variables de Ambiente Seteadas]
[mar may 3 20:15:25 ART 2016] = [nacho] = [PrepararAmbiente] = [INFO] = [Estado de la instalacion: INICIALIZDO]
[mar may 3 20:15:25 ART 2016] = [nacho] = [PrepararAmbiente] = [INFO] = [Ambiente ya inicializado, para reiniciar termine la sesion e ingrese nuevamente]
[mar may 3 20:15:27 ART 2016] = [nacho] = [PrepararAmbiente] = [INFO] = [Ingresa SI]
[mar may 3 20:29:59 ART 2016] = [nacho] = [PrepararAmbiente] = [INFO] = [Variables de Ambiente Seteadas]
[mar may 3 20:29:59 ART 2016] = [nacho] = [PrepararAmbiente] = [INFO] = [Estado de la instalacion: INICIALIZDO]
[mar may 3 20:29:59 ART 2016] = [nacho] = [PrepararAmbiente] = [INFO] = [Ambiente ya inicializado, para reiniciar termine la sesion e ingrese nuevamente]
[mar may 3 20:30:01 ART 2016] = [nacho] = [PrepararAmbiente] = [INFO] = [Ingresa SI]
[mar may 3 20:30:01 ART 2016] = [nacho] = [PrepararAmbiente] = [INFO] = [RecibirOfertas corriendo bajo el no.: 2616 ]
[mar may 3 20:31:18 ART 2016] = [nacho] = [PrepararAmbiente] = [INFO] = [Variables de Ambiente Seteadas]
[mar may 3 20:31:18 ART 2016] = [nacho] = [PrepararAmbiente] = [INFO] = [Estado de la instalacion: INICIALIZDO]
[mar may 3 20:31:18 ART 2016] = [nacho] = [PrepararAmbiente] = [INFO] = [Ambiente ya inicializado, para reiniciar termine la sesion e ingrese nuevamente]
[mar may 3 20:31:20 ART 2016] = [nacho] = [PrepararAmbiente] = [INFO] = [Ingresa SI]
[mar may 3 20:31:20 ART 2016] = [nacho] = [PrepararAmbiente] = [INFO] = [RecibirOfertas corriendo bajo el no.: 2637 ]
[mar may 3 20:42:31 ART 2016] = [nacho] = [PrepararAmbiente] = [INFO] = [Ambiente ya inicializado, para reiniciar termine la sesion e ingrese nuevamente]
[mar may 3 20:42:53 ART 2016] = [nacho] = [PrepararAmbiente] = [INFO] = [Variables de Ambiente Seteadas]
[mar may 3 20:42:53 ART 2016] = [nacho] = [PrepararAmbiente] = [INFO] = [Estado de la instalacion: INICIALIZDO]
[mar may 3 20:42:53 ART 2016] = [nacho] = [PrepararAmbiente] = [INFO] = [Ambiente ya inicializado, para reiniciar termine la sesion e ingrese nuevamente]
[mar may 3 20:42:55 ART 2016] = [nacho] = [PrepararAmbiente] = [INFO] = [Ingresa SI]
[mar may 3 20:45:07 ART 2016] = [nacho] = [PrepararAmbiente] = [INFO] = [Variables de Ambiente Seteadas]
[mar may 3 20:45:07 ART 2016] = [nacho] = [PrepararAmbiente] = [INFO] = [Estado de la instalacion: INICIALIZDO]
[mar may 3 20:45:07 ART 2016] = [nacho] = [PrepararAmbiente] = [INFO] = [Ambiente ya inicializado, para reiniciar termine la sesion e ingrese nuevamente]
[mar may 3 20:45:09 ART 2016] = [nacho] = [PrepararAmbiente] = [INFO] = [Ingresa SI]
[mar may 3 20:53:03 ART 2016] = [nacho] = [PrepararAmbiente] = [INFO] = [Ambiente ya inicializado, para reiniciar termine la sesion e ingrese nuevamente]
[mar may 3 20:56:18 ART 2016] = [nacho] = [PrepararAmbiente] = [INFO] = [Variables de Ambiente Seteadas]
[mar may 3 20:56:18 ART 2016] = [nacho] = [PrepararAmbiente] = [INFO] = [Estado de la instalacion: INICIALIZDO]
[mar may 3 20:56:19 ART 2016] = [nacho] = [PrepararAmbiente] = [INFO] = [Ambiente ya inicializado, para reiniciar termine la sesion e ingrese nuevamente]
[mar may 3 20:56:26 ART 2016] = [nacho] = [PrepararAmbiente] = [INFO] = [Ingresa NO]
[mar may 3 20:56:26 ART 2016] = [nacho] = [PrepararAmbiente] = [INFO] = [Para activar RecibirOfertas ejecute . $GRUPO/binarios/RecibirOfertas.sh]
[mar may 3 21:07:20 ART 2016] = [nacho] = [PrepararAmbiente] = [INFO] = [Variables de Ambiente Seteadas]
[mar may 3 21:07:20 ART 2016] = [nacho] = [PrepararAmbiente] = [INFO] = [Estado de la instalacion: INICIALIZDO]
[mar may 3 21:07:20 ART 2016] = [nacho] = [PrepararAmbiente] = [INFO] = [Ambiente ya inicializado, para reiniciar termine la sesion e ingrese nuevamente]
[mar may 3 21:07:22 ART 2016] = [nacho] = [PrepararAmbiente] = [INFO] = [Ingresa SI]
[mar may 3 21:07:22 ART 2016] = [nacho] = [PrepararAmbiente] = [INFO] = [RecibirOfertas corriendo bajo el no.: 2461 ]
