[mar may 3 20:26:59 ART 2016] = [nacho] = [ProcesarOfertas] = [INFO] = [Archivo a procesar: 3778_20160502.csv.xls]
[mar may 3 20:27:00 ART 2016] = [nacho] = [ProcesarOfertas] = [INFO] = [Registros leídos = 043 : cantidad de ofertas validas 029 cantidad de ofertas rechazadas = 014]
[mar may 3 20:27:00 ART 2016] = [nacho] = [ProcesarOfertas] = [INFO] = [Archivo a procesar: 3778_20160502.csv.xls]
[mar may 3 20:27:07 ART 2016] = [nacho] = [ProcesarOfertas] = [INFO] = [Registros leídos = 157 : cantidad de ofertas validas 095 cantidad de ofertas rechazadas = 062]
[mar may 3 20:27:07 ART 2016] = [nacho] = [ProcesarOfertas] = [INFO] = [Registros leídos = 157 : cantidad de ofertas validas 095 cantidad de ofertas rechazadas = 062]
[mar may 3 20:27:07 ART 2016] = [nacho] = [ProcesarOfertas] = [WAR] = [Se rechaza archivo 3763_20160502.csv.xls por estar duplicado]
[mar may 3 20:27:08 ART 2016] = [nacho] = [ProcesarOfertas] = [WAR] = [Se rechaza archivo 3763_20160502.csv.xls por estar duplicado]
[mar may 3 20:27:08 ART 2016] = [nacho] = [ProcesarOfertas] = [WAR] = [Se rechaza archivo 3769_20160502.csv.xls por estar duplicado]
[mar may 3 20:27:08 ART 2016] = [nacho] = [ProcesarOfertas] = [WAR] = [Se rechaza archivo 3769_20160502.csv.xls por estar duplicado]
[mar may 3 20:27:08 ART 2016] = [nacho] = [ProcesarOfertas] = [INFO] = [Archivo a procesar: 3778_20160502.csv.xls]
[mar may 3 20:27:08 ART 2016] = [nacho] = [ProcesarOfertas] = [INFO] = [Archivo a procesar: 3778_20160502.csv.xls]
[mar may 3 20:27:12 ART 2016] = [nacho] = [ProcesarOfertas] = [INFO] = [Registros leídos = 157 : cantidad de ofertas validas 095 cantidad de ofertas rechazadas = 062]
[mar may 3 20:27:12 ART 2016] = [nacho] = [ProcesarOfertas] = [WAR] = [Se rechaza archivo 3763_20160502.csv.xls por estar duplicado]
[mar may 3 20:27:12 ART 2016] = [nacho] = [ProcesarOfertas] = [WAR] = [Se rechaza archivo 3769_20160502.csv.xls por estar duplicado]
[mar may 3 20:27:12 ART 2016] = [nacho] = [ProcesarOfertas] = [INFO] = [Archivo a procesar: 3778_20160502.csv.xls]
[mar may 3 20:27:13 ART 2016] = [nacho] = [ProcesarOfertas] = [INFO] = [Registros leídos = 157 : cantidad de ofertas validas 095 cantidad de ofertas rechazadas = 062]
[mar may 3 20:27:14 ART 2016] = [nacho] = [ProcesarOfertas] = [WAR] = [Se rechaza archivo 3763_20160502.csv.xls por estar duplicado]
[mar may 3 20:27:14 ART 2016] = [nacho] = [ProcesarOfertas] = [WAR] = [Se rechaza archivo 3769_20160502.csv.xls por estar duplicado]
[mar may 3 20:27:14 ART 2016] = [nacho] = [ProcesarOfertas] = [INFO] = [Archivo a procesar: 3778_20160502.csv.xls]
[mar may 3 20:27:16 ART 2016] = [nacho] = [ProcesarOfertas] = [INFO] = [Registros leídos = 157 : cantidad de ofertas validas 095 cantidad de ofertas rechazadas = 062]
[mar may 3 20:27:16 ART 2016] = [nacho] = [ProcesarOfertas] = [WAR] = [Se rechaza archivo 3763_20160502.csv.xls por estar duplicado]
[mar may 3 20:27:17 ART 2016] = [nacho] = [ProcesarOfertas] = [WAR] = [Se rechaza archivo 3769_20160502.csv.xls por estar duplicado]
[mar may 3 20:27:17 ART 2016] = [nacho] = [ProcesarOfertas] = [INFO] = [Registros leídos = 157 : cantidad de ofertas validas 095 cantidad de ofertas rechazadas = 062]
[mar may 3 20:27:17 ART 2016] = [nacho] = [ProcesarOfertas] = [INFO] = [Archivo a procesar: 3778_20160502.csv.xls]
[mar may 3 20:27:17 ART 2016] = [nacho] = [ProcesarOfertas] = [WAR] = [Se rechaza archivo 3763_20160502.csv.xls por estar duplicado]
[mar may 3 20:27:17 ART 2016] = [nacho] = [ProcesarOfertas] = [WAR] = [Se rechaza archivo 3769_20160502.csv.xls por estar duplicado]
[mar may 3 20:27:18 ART 2016] = [nacho] = [ProcesarOfertas] = [INFO] = [Archivo a procesar: 3778_20160502.csv.xls]
[mar may 3 20:27:19 ART 2016] = [nacho] = [ProcesarOfertas] = [INFO] = [Registros leídos = 157 : cantidad de ofertas validas 095 cantidad de ofertas rechazadas = 062]
[mar may 3 20:27:19 ART 2016] = [nacho] = [ProcesarOfertas] = [WAR] = [Se rechaza archivo 3763_20160502.csv.xls por estar duplicado]
[mar may 3 20:27:19 ART 2016] = [nacho] = [ProcesarOfertas] = [WAR] = [Se rechaza archivo 3769_20160502.csv.xls por estar duplicado]
[mar may 3 20:27:20 ART 2016] = [nacho] = [ProcesarOfertas] = [INFO] = [Archivo a procesar: 3778_20160502.csv.xls]
[mar may 3 20:27:22 ART 2016] = [nacho] = [ProcesarOfertas] = [INFO] = [Registros leídos = 157 : cantidad de ofertas validas 095 cantidad de ofertas rechazadas = 062]
[mar may 3 20:27:22 ART 2016] = [nacho] = [ProcesarOfertas] = [WAR] = [Se rechaza archivo 3763_20160502.csv.xls por estar duplicado]
[mar may 3 20:27:22 ART 2016] = [nacho] = [ProcesarOfertas] = [INFO] = [Registros leídos = 157 : cantidad de ofertas validas 095 cantidad de ofertas rechazadas = 062]
[mar may 3 20:27:23 ART 2016] = [nacho] = [ProcesarOfertas] = [WAR] = [Se rechaza archivo 3769_20160502.csv.xls por estar duplicado]
[mar may 3 20:27:23 ART 2016] = [nacho] = [ProcesarOfertas] = [WAR] = [Se rechaza archivo 3763_20160502.csv.xls por estar duplicado]
[mar may 3 20:27:23 ART 2016] = [nacho] = [ProcesarOfertas] = [INFO] = [Archivo a procesar: 3778_20160502.csv.xls]
[mar may 3 20:27:23 ART 2016] = [nacho] = [ProcesarOfertas] = [WAR] = [Se rechaza archivo 3769_20160502.csv.xls por estar duplicado]
[mar may 3 20:27:23 ART 2016] = [nacho] = [ProcesarOfertas] = [INFO] = [Archivo a procesar: 3778_20160502.csv.xls]
[mar may 3 20:27:26 ART 2016] = [nacho] = [ProcesarOfertas] = [INFO] = [Registros leídos = 157 : cantidad de ofertas validas 095 cantidad de ofertas rechazadas = 062]
[mar may 3 20:27:26 ART 2016] = [nacho] = [ProcesarOfertas] = [INFO] = [Registros leídos = 157 : cantidad de ofertas validas 095 cantidad de ofertas rechazadas = 062]
[mar may 3 20:27:26 ART 2016] = [nacho] = [ProcesarOfertas] = [INFO] = [Registros leídos = 157 : cantidad de ofertas validas 095 cantidad de ofertas rechazadas = 062]
[mar may 3 20:27:26 ART 2016] = [nacho] = [ProcesarOfertas] = [WAR] = [Se rechaza archivo 3763_20160502.csv.xls por estar duplicado]
[mar may 3 20:27:26 ART 2016] = [nacho] = [ProcesarOfertas] = [WAR] = [Se rechaza archivo 3763_20160502.csv.xls por estar duplicado]
[mar may 3 20:27:26 ART 2016] = [nacho] = [ProcesarOfertas] = [WAR] = [Se rechaza archivo 3769_20160502.csv.xls por estar duplicado]
[mar may 3 20:27:26 ART 2016] = [nacho] = [ProcesarOfertas] = [WAR] = [Se rechaza archivo 3763_20160502.csv.xls por estar duplicado]
[mar may 3 20:27:27 ART 2016] = [nacho] = [ProcesarOfertas] = [WAR] = [Se rechaza archivo 3769_20160502.csv.xls por estar duplicado]
[mar may 3 20:27:27 ART 2016] = [nacho] = [ProcesarOfertas] = [INFO] = [Archivo a procesar: 3778_20160502.csv.xls]
Log exedido
[mar may 3 20:27:27 ART 2016] = [nacho] = [ProcesarOfertas] = [WAR] = [Se rechaza archivo 3769_20160502.csv.xls por estar duplicado]
Log exedido
[mar may 3 20:27:27 ART 2016] = [nacho] = [ProcesarOfertas] = [INFO] = [Archivo a procesar: 3778_20160502.csv.xls]
[mar may 3 20:27:33 ART 2016] = [nacho] = [ProcesarOfertas] = [INFO] = [Archivo a procesar: 3778_20160502.csv.xls]
[mar may 3 20:38:42 ART 2016] = [nacho] = [ProcesarOfertas] = [INFO] = [Inicio de ProcesarOfertas]
[mar may 3 20:38:42 ART 2016] = [nacho] = [ProcesarOfertas] = [INFO] = [Cantidad de archivos a procesar: 1]
[mar may 3 20:38:42 ART 2016] = [nacho] = [ProcesarOfertas] = [INFO] = [Archivo a procesar: 3778_20160502.csv.xls]
[mar may 3 20:38:52 ART 2016] = [nacho] = [ProcesarOfertas] = [INFO] = [Registros leídos = 104 : cantidad de ofertas validas 075 cantidad de ofertas rechazadas = 029]
[mar may 3 20:38:52 ART 2016] = [nacho] = [ProcesarOfertas] = [INFO] = [Fin de procesar ofertas]
[mar may 3 20:38:57 ART 2016] = [nacho] = [ProcesarOfertas] = [INFO] = [Inicio de ProcesarOfertas]
[mar may 3 20:38:57 ART 2016] = [nacho] = [ProcesarOfertas] = [INFO] = [Cantidad de archivos a procesar: 0]
[mar may 3 20:38:57 ART 2016] = [nacho] = [ProcesarOfertas] = [INFO] = [Fin de procesar ofertas]
[mar may 3 20:39:20 ART 2016] = [nacho] = [ProcesarOfertas] = [INFO] = [Inicio de ProcesarOfertas]
[mar may 3 20:39:20 ART 2016] = [nacho] = [ProcesarOfertas] = [INFO] = [Cantidad de archivos a procesar: 0]
[mar may 3 20:39:20 ART 2016] = [nacho] = [ProcesarOfertas] = [INFO] = [Fin de procesar ofertas]
[mar may 3 20:39:23 ART 2016] = [nacho] = [ProcesarOfertas] = [INFO] = [Inicio de ProcesarOfertas]
[mar may 3 20:39:23 ART 2016] = [nacho] = [ProcesarOfertas] = [INFO] = [Cantidad de archivos a procesar: 0]
[mar may 3 20:39:23 ART 2016] = [nacho] = [ProcesarOfertas] = [INFO] = [Fin de procesar ofertas]
[mar may 3 20:39:26 ART 2016] = [nacho] = [ProcesarOfertas] = [INFO] = [Inicio de ProcesarOfertas]
[mar may 3 20:39:26 ART 2016] = [nacho] = [ProcesarOfertas] = [INFO] = [Cantidad de archivos a procesar: 0]
[mar may 3 20:39:26 ART 2016] = [nacho] = [ProcesarOfertas] = [INFO] = [Fin de procesar ofertas]
[mar may 3 20:39:29 ART 2016] = [nacho] = [ProcesarOfertas] = [INFO] = [Inicio de ProcesarOfertas]
[mar may 3 20:39:29 ART 2016] = [nacho] = [ProcesarOfertas] = [INFO] = [Cantidad de archivos a procesar: 0]
[mar may 3 20:39:30 ART 2016] = [nacho] = [ProcesarOfertas] = [INFO] = [Fin de procesar ofertas]
[mar may 3 20:39:33 ART 2016] = [nacho] = [ProcesarOfertas] = [INFO] = [Inicio de ProcesarOfertas]
[mar may 3 20:39:33 ART 2016] = [nacho] = [ProcesarOfertas] = [INFO] = [Cantidad de archivos a procesar: 0]
[mar may 3 20:39:33 ART 2016] = [nacho] = [ProcesarOfertas] = [INFO] = [Fin de procesar ofertas]
[mar may 3 20:39:36 ART 2016] = [nacho] = [ProcesarOfertas] = [INFO] = [Inicio de ProcesarOfertas]
[mar may 3 20:39:36 ART 2016] = [nacho] = [ProcesarOfertas] = [INFO] = [Cantidad de archivos a procesar: 0]
[mar may 3 20:39:36 ART 2016] = [nacho] = [ProcesarOfertas] = [INFO] = [Fin de procesar ofertas]
[mar may 3 20:39:39 ART 2016] = [nacho] = [ProcesarOfertas] = [INFO] = [Inicio de ProcesarOfertas]
[mar may 3 20:39:39 ART 2016] = [nacho] = [ProcesarOfertas] = [INFO] = [Cantidad de archivos a procesar: 0]
[mar may 3 20:39:39 ART 2016] = [nacho] = [ProcesarOfertas] = [INFO] = [Fin de procesar ofertas]
[mar may 3 20:39:42 ART 2016] = [nacho] = [ProcesarOfertas] = [INFO] = [Inicio de ProcesarOfertas]
[mar may 3 20:39:42 ART 2016] = [nacho] = [ProcesarOfertas] = [INFO] = [Cantidad de archivos a procesar: 0]
[mar may 3 20:39:42 ART 2016] = [nacho] = [ProcesarOfertas] = [INFO] = [Fin de procesar ofertas]
[mar may 3 20:40:09 ART 2016] = [nacho] = [ProcesarOfertas] = [INFO] = [Inicio de ProcesarOfertas]
[mar may 3 20:40:09 ART 2016] = [nacho] = [ProcesarOfertas] = [INFO] = [Cantidad de archivos a procesar: 1]
[mar may 3 20:40:09 ART 2016] = [nacho] = [ProcesarOfertas] = [WAR] = [Se rechaza archivo 3746_20160420.csv.xls porque no corresponde con el formato esperado]
[mar may 3 20:40:09 ART 2016] = [nacho] = [ProcesarOfertas] = [INFO] = [Fin de procesar ofertas]
[mar may 3 20:45:58 ART 2016] = [nacho] = [ProcesarOfertas] = [INFO] = [Inicio de ProcesarOfertas]
[mar may 3 20:45:58 ART 2016] = [nacho] = [ProcesarOfertas] = [INFO] = [Cantidad de archivos a procesar: 1]
[mar may 3 20:45:58 ART 2016] = [nacho] = [ProcesarOfertas] = [WAR] = [Se rechaza archivo 3746_20160420.csv.xls porque no corresponde con el formato esperado]
[mar may 3 20:45:58 ART 2016] = [nacho] = [ProcesarOfertas] = [INFO] = [Fin de procesar ofertas]
[mar may 3 21:00:19 ART 2016] = [nacho] = [ProcesarOfertas] = [INFO] = [Inicio de ProcesarOfertas]
[mar may 3 21:00:19 ART 2016] = [nacho] = [ProcesarOfertas] = [INFO] = [Cantidad de archivos a procesar: 27]
[mar may 3 21:00:20 ART 2016] = [nacho] = [ProcesarOfertas] = [INFO] = [Archivo a procesar: 3303_20160420.csv.xls]
[mar may 3 21:00:28 ART 2016] = [nacho] = [ProcesarOfertas] = [INFO] = [Registros leídos = 093 : cantidad de ofertas validas 056 cantidad de ofertas rechazadas = 037]
[mar may 3 21:00:28 ART 2016] = [nacho] = [ProcesarOfertas] = [INFO] = [Archivo a procesar: 3402_20160420.csv.xls]
[mar may 3 21:00:55 ART 2016] = [nacho] = [ProcesarOfertas] = [INFO] = [Registros leídos = 312 : cantidad de ofertas validas 199 cantidad de ofertas rechazadas = 113]
[mar may 3 21:00:55 ART 2016] = [nacho] = [ProcesarOfertas] = [INFO] = [Archivo a procesar: 3500_20160420.csv.xls]
[mar may 3 21:01:11 ART 2016] = [nacho] = [ProcesarOfertas] = [INFO] = [Registros leídos = 192 : cantidad de ofertas validas 125 cantidad de ofertas rechazadas = 067]
[mar may 3 21:01:12 ART 2016] = [nacho] = [ProcesarOfertas] = [INFO] = [Archivo a procesar: 3505_20160421.csv.xls]
[mar may 3 21:01:20 ART 2016] = [nacho] = [ProcesarOfertas] = [INFO] = [Registros leídos = 091 : cantidad de ofertas validas 060 cantidad de ofertas rechazadas = 031]
[mar may 3 21:01:20 ART 2016] = [nacho] = [ProcesarOfertas] = [INFO] = [Archivo a procesar: 3510_20160420.csv.xls]
[mar may 3 21:01:30 ART 2016] = [nacho] = [ProcesarOfertas] = [INFO] = [Registros leídos = 116 : cantidad de ofertas validas 079 cantidad de ofertas rechazadas = 037]
[mar may 3 21:01:30 ART 2016] = [nacho] = [ProcesarOfertas] = [INFO] = [Archivo a procesar: 3520_20160422.csv.xls]
[mar may 3 21:01:42 ART 2016] = [nacho] = [ProcesarOfertas] = [INFO] = [Registros leídos = 134 : cantidad de ofertas validas 084 cantidad de ofertas rechazadas = 050]
[mar may 3 21:01:42 ART 2016] = [nacho] = [ProcesarOfertas] = [INFO] = [Archivo a procesar: 3718_20160420.csv.xls]
[mar may 3 21:01:44 ART 2016] = [nacho] = [ProcesarOfertas] = [INFO] = [Registros leídos = 019 : cantidad de ofertas validas 012 cantidad de ofertas rechazadas = 007]
[mar may 3 21:01:44 ART 2016] = [nacho] = [ProcesarOfertas] = [INFO] = [Archivo a procesar: 3722_20160423.csv.xls]
[mar may 3 21:01:46 ART 2016] = [nacho] = [ProcesarOfertas] = [INFO] = [Registros leídos = 025 : cantidad de ofertas validas 019 cantidad de ofertas rechazadas = 006]
[mar may 3 21:01:46 ART 2016] = [nacho] = [ProcesarOfertas] = [INFO] = [Archivo a procesar: 3724_20160420.csv.xls]
[mar may 3 21:01:52 ART 2016] = [nacho] = [ProcesarOfertas] = [INFO] = [Registros leídos = 076 : cantidad de ofertas validas 049 cantidad de ofertas rechazadas = 027]
[mar may 3 21:01:52 ART 2016] = [nacho] = [ProcesarOfertas] = [INFO] = [Archivo a procesar: 3729_20160424.csv.xls]
[mar may 3 21:02:01 ART 2016] = [nacho] = [ProcesarOfertas] = [INFO] = [Registros leídos = 102 : cantidad de ofertas validas 071 cantidad de ofertas rechazadas = 031]
[mar may 3 21:02:01 ART 2016] = [nacho] = [ProcesarOfertas] = [INFO] = [Archivo a procesar: 3732_20160420.csv.xls]
[mar may 3 21:02:04 ART 2016] = [nacho] = [ProcesarOfertas] = [INFO] = [Registros leídos = 035 : cantidad de ofertas validas 027 cantidad de ofertas rechazadas = 008]
[mar may 3 21:02:04 ART 2016] = [nacho] = [ProcesarOfertas] = [INFO] = [Archivo a procesar: 3735_20160425.csv.xls]
[mar may 3 21:02:10 ART 2016] = [nacho] = [ProcesarOfertas] = [INFO] = [Registros leídos = 063 : cantidad de ofertas validas 042 cantidad de ofertas rechazadas = 021]
[mar may 3 21:02:10 ART 2016] = [nacho] = [ProcesarOfertas] = [INFO] = [Archivo a procesar: 3739_20160420.csv.xls]
[mar may 3 21:02:12 ART 2016] = [nacho] = [ProcesarOfertas] = [INFO] = [Registros leídos = 025 : cantidad de ofertas validas 016 cantidad de ofertas rechazadas = 009]
[mar may 3 21:02:12 ART 2016] = [nacho] = [ProcesarOfertas] = [INFO] = [Archivo a procesar: 3741_20160426.csv.xls]
[mar may 3 21:02:26 ART 2016] = [nacho] = [ProcesarOfertas] = [INFO] = [Registros leídos = 147 : cantidad de ofertas validas 092 cantidad de ofertas rechazadas = 055]
[mar may 3 21:02:28 ART 2016] = [nacho] = [ProcesarOfertas] = [INFO] = [Inicio de ProcesarOfertas]
[mar may 3 21:02:28 ART 2016] = [nacho] = [ProcesarOfertas] = [INFO] = [Cantidad de archivos a procesar: 14]
[mar may 3 21:02:28 ART 2016] = [nacho] = [ProcesarOfertas] = [INFO] = [Archivo a procesar: 3741_20160426.csv.xls]
[mar may 3 21:02:41 ART 2016] = [nacho] = [ProcesarOfertas] = [INFO] = [Registros leídos = 147 : cantidad de ofertas validas 092 cantidad de ofertas rechazadas = 055]
[mar may 3 21:02:41 ART 2016] = [nacho] = [ProcesarOfertas] = [INFO] = [Archivo a procesar: 3744_20160420.csv.xls]
[mar may 3 21:02:44 ART 2016] = [nacho] = [ProcesarOfertas] = [INFO] = [Registros leídos = 036 : cantidad de ofertas validas 024 cantidad de ofertas rechazadas = 012]
[mar may 3 21:02:46 ART 2016] = [nacho] = [ProcesarOfertas] = [INFO] = [Inicio de ProcesarOfertas]
[mar may 3 21:02:46 ART 2016] = [nacho] = [ProcesarOfertas] = [INFO] = [Cantidad de archivos a procesar: 13]
[mar may 3 21:02:46 ART 2016] = [nacho] = [ProcesarOfertas] = [INFO] = [Archivo a procesar: 3744_20160420.csv.xls]
[mar may 3 21:02:49 ART 2016] = [nacho] = [ProcesarOfertas] = [INFO] = [Registros leídos = 036 : cantidad de ofertas validas 024 cantidad de ofertas rechazadas = 012]
[mar may 3 21:02:49 ART 2016] = [nacho] = [ProcesarOfertas] = [INFO] = [Archivo a procesar: 3745_20160427.csv.xls]
[mar may 3 21:02:50 ART 2016] = [nacho] = [ProcesarOfertas] = [INFO] = [Registros leídos = 010 : cantidad de ofertas validas 008 cantidad de ofertas rechazadas = 002]
[mar may 3 21:02:50 ART 2016] = [nacho] = [ProcesarOfertas] = [INFO] = [Archivo a procesar: 3748_20160420.csv.xls]
[mar may 3 21:03:06 ART 2016] = [nacho] = [ProcesarOfertas] = [INFO] = [Registros leídos = 183 : cantidad de ofertas validas 124 cantidad de ofertas rechazadas = 059]
[mar may 3 21:03:06 ART 2016] = [nacho] = [ProcesarOfertas] = [INFO] = [Archivo a procesar: 3750_20160420.csv.xls]
[mar may 3 21:03:09 ART 2016] = [nacho] = [ProcesarOfertas] = [INFO] = [Registros leídos = 030 : cantidad de ofertas validas 022 cantidad de ofertas rechazadas = 008]
[mar may 3 21:03:09 ART 2016] = [nacho] = [ProcesarOfertas] = [INFO] = [Archivo a procesar: 3753_20160430.csv.xls]
[mar may 3 21:03:12 ART 2016] = [nacho] = [ProcesarOfertas] = [INFO] = [Registros leídos = 040 : cantidad de ofertas validas 023 cantidad de ofertas rechazadas = 017]
[mar may 3 21:03:12 ART 2016] = [nacho] = [ProcesarOfertas] = [INFO] = [Archivo a procesar: 3754_20160502.csv.xls]
[mar may 3 21:03:16 ART 2016] = [nacho] = [ProcesarOfertas] = [INFO] = [Registros leídos = 038 : cantidad de ofertas validas 026 cantidad de ofertas rechazadas = 012]
[mar may 3 21:03:16 ART 2016] = [nacho] = [ProcesarOfertas] = [INFO] = [Archivo a procesar: 3756_20160503.csv.xls]
[mar may 3 21:03:19 ART 2016] = [nacho] = [ProcesarOfertas] = [INFO] = [Registros leídos = 036 : cantidad de ofertas validas 023 cantidad de ofertas rechazadas = 013]
[mar may 3 21:03:19 ART 2016] = [nacho] = [ProcesarOfertas] = [INFO] = [Archivo a procesar: 3757_20160503.csv.xls]
[mar may 3 21:03:21 ART 2016] = [nacho] = [ProcesarOfertas] = [INFO] = [Registros leídos = 024 : cantidad de ofertas validas 016 cantidad de ofertas rechazadas = 008]
[mar may 3 21:03:21 ART 2016] = [nacho] = [ProcesarOfertas] = [INFO] = [Archivo a procesar: 3758_20160503.csv.xls]
[mar may 3 21:03:24 ART 2016] = [nacho] = [ProcesarOfertas] = [INFO] = [Registros leídos = 038 : cantidad de ofertas validas 018 cantidad de ofertas rechazadas = 020]
[mar may 3 21:03:24 ART 2016] = [nacho] = [ProcesarOfertas] = [INFO] = [Archivo a procesar: 3759_20160503.csv.xls]
[mar may 3 21:03:30 ART 2016] = [nacho] = [ProcesarOfertas] = [INFO] = [Archivo a procesar: 3763_20160502.csv.xls]
[mar may 3 21:03:32 ART 2016] = [nacho] = [ProcesarOfertas] = [INFO] = [Registros leídos = 016 : cantidad de ofertas validas 013 cantidad de ofertas rechazadas = 003]
[mar may 3 21:03:32 ART 2016] = [nacho] = [ProcesarOfertas] = [INFO] = [Archivo a procesar: 3769_20160502.csv.xls]
[mar may 3 21:03:35 ART 2016] = [nacho] = [ProcesarOfertas] = [INFO] = [Registros leídos = 043 : cantidad de ofertas validas 029 cantidad de ofertas rechazadas = 014]
[mar may 3 21:03:35 ART 2016] = [nacho] = [ProcesarOfertas] = [INFO] = [Archivo a procesar: 3778_20160502.csv.xls]
[mar may 3 21:03:45 ART 2016] = [nacho] = [ProcesarOfertas] = [INFO] = [Registros leídos = 104 : cantidad de ofertas validas 075 cantidad de ofertas rechazadas = 029]
[mar may 3 21:03:45 ART 2016] = [nacho] = [ProcesarOfertas] = [INFO] = [Fin de procesar ofertas]
[mar may 3 21:12:42 ART 2016] = [nacho] = [ProcesarOfertas] = [INFO] = [Inicio de ProcesarOfertas]
[mar may 3 21:12:42 ART 2016] = [nacho] = [ProcesarOfertas] = [INFO] = [Cantidad de archivos a procesar: 27]
[mar may 3 21:12:43 ART 2016] = [nacho] = [ProcesarOfertas] = [INFO] = [Archivo a procesar: 3303_20160420.csv.xls]
[mar may 3 21:12:50 ART 2016] = [nacho] = [ProcesarOfertas] = [INFO] = [Registros leídos = 093 : cantidad de ofertas validas 056 cantidad de ofertas rechazadas = 037]
[mar may 3 21:12:50 ART 2016] = [nacho] = [ProcesarOfertas] = [INFO] = [Archivo a procesar: 3402_20160420.csv.xls]
[mar may 3 21:13:16 ART 2016] = [nacho] = [ProcesarOfertas] = [INFO] = [Registros leídos = 312 : cantidad de ofertas validas 199 cantidad de ofertas rechazadas = 113]
[mar may 3 21:13:16 ART 2016] = [nacho] = [ProcesarOfertas] = [INFO] = [Archivo a procesar: 3500_20160420.csv.xls]
[mar may 3 21:13:33 ART 2016] = [nacho] = [ProcesarOfertas] = [INFO] = [Registros leídos = 192 : cantidad de ofertas validas 125 cantidad de ofertas rechazadas = 067]
[mar may 3 21:13:33 ART 2016] = [nacho] = [ProcesarOfertas] = [INFO] = [Archivo a procesar: 3505_20160421.csv.xls]
[mar may 3 21:13:41 ART 2016] = [nacho] = [ProcesarOfertas] = [INFO] = [Registros leídos = 091 : cantidad de ofertas validas 060 cantidad de ofertas rechazadas = 031]
[mar may 3 21:13:41 ART 2016] = [nacho] = [ProcesarOfertas] = [INFO] = [Archivo a procesar: 3510_20160420.csv.xls]
[mar may 3 21:13:51 ART 2016] = [nacho] = [ProcesarOfertas] = [INFO] = [Registros leídos = 116 : cantidad de ofertas validas 079 cantidad de ofertas rechazadas = 037]
